build/app/intermediates/manifest_merge_blame_file/debug/manifest-merger-blame-debug-report.txt
1<?xml version="1.0" encoding="utf-8"?>
2<manifest xmlns:android="http://schemas.android.com/apk/res/android"
3    package="com.kinggadri.caller_app"
4    android:versionCode="1"
5    android:versionName="1.0.0" >
6
7    <uses-sdk
8        android:minSdkVersion="23"
9        android:targetSdkVersion="29" />
10    <!--
11         Flutter needs it to communicate with the running application
12         to allow setting breakpoints, to provide hot reload, etc.
13    -->
14    <uses-permission android:name="android.permission.INTERNET" />
14-->src/main/AndroidManifest.xml:4:5-67
14-->src/main/AndroidManifest.xml:4:22-64
15    <uses-permission android:name="android.permission.SYSTEM_ALERT_WINDOW" />
15-->src/main/AndroidManifest.xml:5:5-77
15-->src/main/AndroidManifest.xml:5:22-75
16    <uses-permission android:name="android.permission.BIND_TELECOM_CONNECTION_SERVICE" />
16-->src/main/AndroidManifest.xml:7:5-89
16-->src/main/AndroidManifest.xml:7:22-87
17    <uses-permission android:name="android.permission.FOREGROUND_SERVICE" />
17-->src/main/AndroidManifest.xml:8:5-77
17-->src/main/AndroidManifest.xml:8:22-74
18    <uses-permission android:name="android.permission.CALL_PHONE" />
18-->src/main/AndroidManifest.xml:10:5-69
18-->src/main/AndroidManifest.xml:10:22-66
19    <uses-permission android:name="android.permission.READ_PHONE_STATE" />
19-->src/main/AndroidManifest.xml:11:5-74
19-->src/main/AndroidManifest.xml:11:22-72
20    <uses-permission android:name="android.permission.RECORD_AUDIO" />
20-->src/main/AndroidManifest.xml:12:5-71
20-->src/main/AndroidManifest.xml:12:22-68
21    <uses-permission android:name="android.permission.CAMERA" />
21-->src/main/AndroidManifest.xml:13:5-65
21-->src/main/AndroidManifest.xml:13:22-62
22    <uses-permission android:name="android.permission.MODIFY_AUDIO_SETTINGS" />
22-->src/main/AndroidManifest.xml:14:5-80
22-->src/main/AndroidManifest.xml:14:22-77
23    <uses-permission android:name="android.permission.ACCESS_NETWORK_STATE" /> <!-- The Agora SDK requires Bluetooth permissions in case users are using Bluetooth devices. -->
23-->src/main/AndroidManifest.xml:15:5-79
23-->src/main/AndroidManifest.xml:15:22-76
24    <uses-permission android:name="android.permission.BLUETOOTH" />
24-->src/main/AndroidManifest.xml:18:5-68
24-->src/main/AndroidManifest.xml:18:22-65
25    <uses-permission android:name="android.permission.WRITE_EXTERNAL_STORAGE" />
25-->[:agora_rtc_engine] AndroidManifest.xml:13:5-81
25-->[:agora_rtc_engine] AndroidManifest.xml:13:22-78
26    <uses-permission android:name="android.permission.READ_EXTERNAL_STORAGE" />
27    <uses-permission android:name="android.permission.WAKE_LOCK" />
27-->[:firebase_messaging] AndroidManifest.xml:8:5-68
27-->[:firebase_messaging] AndroidManifest.xml:8:22-65
28    <uses-permission android:name="android.permission.RECEIVE_BOOT_COMPLETED" />
28-->[:flutter_local_notifications] AndroidManifest.xml:7:5-81
28-->[:flutter_local_notifications] AndroidManifest.xml:7:22-78
29    <uses-permission android:name="android.permission.VIBRATE" />
29-->[:flutter_local_notifications] AndroidManifest.xml:8:5-66
29-->[:flutter_local_notifications] AndroidManifest.xml:8:22-63
30    <uses-permission android:name="android.permission.USE_FULL_SCREEN_INTENT" />
30-->[:flutter_local_notifications] AndroidManifest.xml:9:5-81
30-->[:flutter_local_notifications] AndroidManifest.xml:9:22-78
31    <uses-permission android:name="com.google.android.finsky.permission.BIND_GET_INSTALL_REFERRER_SERVICE" /> <!-- Required by older versions of Google Play services to create IID tokens -->
31-->[com.google.android.gms:play-services-measurement:18.0.0] AndroidManifest.xml:26:5-110
31-->[com.google.android.gms:play-services-measurement:18.0.0] AndroidManifest.xml:26:22-107
32    <uses-permission android:name="com.google.android.c2dm.permission.RECEIVE" />
32-->[com.google.firebase:firebase-iid:21.0.0] AndroidManifest.xml:26:5-82
32-->[com.google.firebase:firebase-iid:21.0.0] AndroidManifest.xml:26:22-79
33
34    <application
34-->src/main/AndroidManifest.xml:20:5-73:19
35        android:name="io.flutter.app.FlutterApplication"
35-->src/main/AndroidManifest.xml:21:9-57
36        android:appComponentFactory="androidx.core.app.CoreComponentFactory"
36-->[androidx.core:core:1.3.0] AndroidManifest.xml:24:18-86
37        android:debuggable="true"
38        android:icon="@mipmap/ic_launcher"
38-->src/main/AndroidManifest.xml:22:9-43
39        android:label="caller_app" >
39-->src/main/AndroidManifest.xml:23:9-35
40        <activity
40-->src/main/AndroidManifest.xml:24:9-56:20
41            android:name="com.kinggadri.caller_app.MainActivity"
41-->src/main/AndroidManifest.xml:25:13-41
42            android:configChanges="orientation|keyboardHidden|keyboard|screenSize|smallestScreenSize|locale|layoutDirection|fontScale|screenLayout|density|uiMode"
42-->src/main/AndroidManifest.xml:26:13-163
43            android:hardwareAccelerated="true"
43-->src/main/AndroidManifest.xml:27:13-47
44            android:launchMode="singleTop"
44-->src/main/AndroidManifest.xml:28:13-43
45            android:theme="@style/LaunchTheme"
45-->src/main/AndroidManifest.xml:29:13-47
46            android:windowSoftInputMode="adjustResize" >
46-->src/main/AndroidManifest.xml:30:13-55
47
48            <!--
49                 Specifies an Android theme to apply to this Activity as soon as
50                 the Android process has started. This theme is visible to the user
51                 while the Flutter UI initializes. After that, this theme continues
52                 to determine the Window background behind the Flutter UI.
53            -->
54            <meta-data
54-->src/main/AndroidManifest.xml:35:13-37:57
55                android:name="io.flutter.embedding.android.NormalTheme"
55-->src/main/AndroidManifest.xml:36:17-72
56                android:resource="@style/NormalTheme" />
56-->src/main/AndroidManifest.xml:37:17-54
57            <!--
58                 Displays an Android View that continues showing the launch screen
59                 Drawable until Flutter paints its first frame, then this splash
60                 screen fades out. A splash screen is useful to avoid any visual
61                 gap between the end of Android's launch screen and the painting of
62                 Flutter's first frame.
63            -->
64            <meta-data
64-->src/main/AndroidManifest.xml:43:13-45:66
65                android:name="io.flutter.embedding.android.SplashScreenDrawable"
65-->src/main/AndroidManifest.xml:44:17-81
66                android:resource="@drawable/launch_background" />
66-->src/main/AndroidManifest.xml:45:17-63
67
68            <intent-filter>
68-->src/main/AndroidManifest.xml:47:13-50:29
69                <action android:name="FLUTTER_NOTIFICATION_CLICK" />
69-->src/main/AndroidManifest.xml:48:17-69
69-->src/main/AndroidManifest.xml:48:25-66
70
71                <category android:name="android.intent.category.DEFAULT" />
71-->src/main/AndroidManifest.xml:49:17-76
71-->src/main/AndroidManifest.xml:49:27-73
72            </intent-filter>
73            <intent-filter>
73-->src/main/AndroidManifest.xml:52:13-55:29
74                <action android:name="android.intent.action.MAIN" />
74-->src/main/AndroidManifest.xml:53:17-69
74-->src/main/AndroidManifest.xml:53:25-66
75
76                <category android:name="android.intent.category.LAUNCHER" />
76-->src/main/AndroidManifest.xml:54:17-77
76-->src/main/AndroidManifest.xml:54:27-74
77            </intent-filter>
78        </activity>
79        <!--
80             Don't delete the meta-data below.
81             This is used by the Flutter tool to generate GeneratedPluginRegistrant.java
82        -->
83        <meta-data
83-->src/main/AndroidManifest.xml:59:9-61:55
84            android:name="com.google.firebase.messaging.default_notification_channel_id"
84-->src/main/AndroidManifest.xml:60:13-89
85            android:value="high_importance_channel" />
85-->src/main/AndroidManifest.xml:61:13-52
86
87        <service
87-->src/main/AndroidManifest.xml:63:9-69:19
88            android:name="io.wazo.callkeep.VoiceConnectionService"
88-->src/main/AndroidManifest.xml:63:18-72
89            android:label="Wazo"
89-->src/main/AndroidManifest.xml:64:13-33
90            android:permission="android.permission.BIND_TELECOM_CONNECTION_SERVICE" >
90-->src/main/AndroidManifest.xml:65:13-84
91            <intent-filter>
91-->src/main/AndroidManifest.xml:66:9-68:25
92                <action android:name="android.telecom.ConnectionService" />
92-->src/main/AndroidManifest.xml:67:13-72
92-->src/main/AndroidManifest.xml:67:21-69
93            </intent-filter>
94        </service>
95
96        <meta-data
96-->src/main/AndroidManifest.xml:70:9-72:33
97            android:name="flutterEmbedding"
97-->src/main/AndroidManifest.xml:71:13-44
98            android:value="2" />
98-->src/main/AndroidManifest.xml:72:13-30
99
100        <service
100-->[:firebase_auth] AndroidManifest.xml:8:9-12:19
101            android:name="com.google.firebase.components.ComponentDiscoveryService"
101-->[:firebase_auth] AndroidManifest.xml:8:18-89
102            android:directBootAware="true"
102-->[com.google.firebase:firebase-common:19.4.0] AndroidManifest.xml:35:13-43
103            android:exported="false" >
103-->[com.google.firebase:firebase-auth:20.0.1] AndroidManifest.xml:76:13-37
104            <meta-data
104-->[:firebase_auth] AndroidManifest.xml:9:13-11:85
105                android:name="com.google.firebase.components:io.flutter.plugins.firebase.auth.FlutterFirebaseAuthRegistrar"
105-->[:firebase_auth] AndroidManifest.xml:10:17-124
106                android:value="com.google.firebase.components.ComponentRegistrar" />
106-->[:firebase_auth] AndroidManifest.xml:11:17-82
107            <meta-data
107-->[:firebase_messaging] AndroidManifest.xml:34:13-36:85
108                android:name="com.google.firebase.components:io.flutter.plugins.firebase.messaging.FlutterFirebaseAppRegistrar"
108-->[:firebase_messaging] AndroidManifest.xml:35:17-128
109                android:value="com.google.firebase.components.ComponentRegistrar" />
109-->[:firebase_messaging] AndroidManifest.xml:36:17-82
110            <meta-data
110-->[:cloud_firestore] AndroidManifest.xml:9:13-11:85
111                android:name="com.google.firebase.components:io.flutter.plugins.firebase.firestore.FlutterFirebaseFirestoreRegistrar"
111-->[:cloud_firestore] AndroidManifest.xml:10:17-134
112                android:value="com.google.firebase.components.ComponentRegistrar" />
112-->[:cloud_firestore] AndroidManifest.xml:11:17-82
113            <meta-data
113-->[:firebase_core] AndroidManifest.xml:9:13-11:85
114                android:name="com.google.firebase.components:io.flutter.plugins.firebase.core.FlutterFirebaseCoreRegistrar"
114-->[:firebase_core] AndroidManifest.xml:10:17-124
115                android:value="com.google.firebase.components.ComponentRegistrar" />
115-->[:firebase_core] AndroidManifest.xml:11:17-82
116            <meta-data
116-->[com.google.firebase:firebase-auth:20.0.1] AndroidManifest.xml:77:13-79:85
117                android:name="com.google.firebase.components:com.google.firebase.auth.FirebaseAuthRegistrar"
117-->[com.google.firebase:firebase-auth:20.0.1] AndroidManifest.xml:78:17-109
118                android:value="com.google.firebase.components.ComponentRegistrar" />
118-->[com.google.firebase:firebase-auth:20.0.1] AndroidManifest.xml:79:17-82
119            <meta-data
119-->[com.google.firebase:firebase-messaging:21.0.0] AndroidManifest.xml:39:13-41:85
120                android:name="com.google.firebase.components:com.google.firebase.messaging.FirebaseMessagingRegistrar"
120-->[com.google.firebase:firebase-messaging:21.0.0] AndroidManifest.xml:40:17-119
121                android:value="com.google.firebase.components.ComponentRegistrar" />
121-->[com.google.firebase:firebase-messaging:21.0.0] AndroidManifest.xml:41:17-82
122            <meta-data
122-->[com.google.firebase:firebase-iid:21.0.0] AndroidManifest.xml:32:13-34:85
123                android:name="com.google.firebase.components:com.google.firebase.iid.Registrar"
123-->[com.google.firebase:firebase-iid:21.0.0] AndroidManifest.xml:33:17-96
124                android:value="com.google.firebase.components.ComponentRegistrar" />
124-->[com.google.firebase:firebase-iid:21.0.0] AndroidManifest.xml:34:17-82
125            <meta-data
125-->[com.google.firebase:firebase-firestore:22.0.0] AndroidManifest.xml:20:13-22:85
126                android:name="com.google.firebase.components:com.google.firebase.firestore.FirestoreRegistrar"
126-->[com.google.firebase:firebase-firestore:22.0.0] AndroidManifest.xml:21:17-111
127                android:value="com.google.firebase.components.ComponentRegistrar" />
127-->[com.google.firebase:firebase-firestore:22.0.0] AndroidManifest.xml:22:17-82
128            <meta-data
128-->[com.google.android.gms:play-services-measurement-api:18.0.0] AndroidManifest.xml:30:13-32:85
129                android:name="com.google.firebase.components:com.google.firebase.analytics.connector.internal.AnalyticsConnectorRegistrar"
129-->[com.google.android.gms:play-services-measurement-api:18.0.0] AndroidManifest.xml:31:17-139
130                android:value="com.google.firebase.components.ComponentRegistrar" />
130-->[com.google.android.gms:play-services-measurement-api:18.0.0] AndroidManifest.xml:32:17-82
131            <meta-data
131-->[com.google.firebase:firebase-datatransport:17.0.3] AndroidManifest.xml:28:13-30:85
132                android:name="com.google.firebase.components:com.google.firebase.datatransport.TransportRegistrar"
132-->[com.google.firebase:firebase-datatransport:17.0.3] AndroidManifest.xml:29:17-115
133                android:value="com.google.firebase.components.ComponentRegistrar" />
133-->[com.google.firebase:firebase-datatransport:17.0.3] AndroidManifest.xml:30:17-82
134            <meta-data
134-->[com.google.firebase:firebase-installations:16.3.4] AndroidManifest.xml:18:13-20:85
135                android:name="com.google.firebase.components:com.google.firebase.installations.FirebaseInstallationsRegistrar"
135-->[com.google.firebase:firebase-installations:16.3.4] AndroidManifest.xml:19:17-127
136                android:value="com.google.firebase.components.ComponentRegistrar" />
136-->[com.google.firebase:firebase-installations:16.3.4] AndroidManifest.xml:20:17-82
137        </service>
138        <service
138-->[:firebase_messaging] AndroidManifest.xml:12:9-15:72
139            android:name="io.flutter.plugins.firebase.messaging.FlutterFirebaseMessagingBackgroundService"
139-->[:firebase_messaging] AndroidManifest.xml:13:13-107
140            android:exported="false"
140-->[:firebase_messaging] AndroidManifest.xml:14:13-37
141            android:permission="android.permission.BIND_JOB_SERVICE" />
141-->[:firebase_messaging] AndroidManifest.xml:15:13-69
142        <service
142-->[:firebase_messaging] AndroidManifest.xml:16:9-22:19
143            android:name="io.flutter.plugins.firebase.messaging.FlutterFirebaseMessagingService"
143-->[:firebase_messaging] AndroidManifest.xml:17:13-97
144            android:exported="false" >
144-->[:firebase_messaging] AndroidManifest.xml:18:13-37
145            <intent-filter>
145-->[:firebase_messaging] AndroidManifest.xml:19:13-21:29
146                <action android:name="com.google.firebase.MESSAGING_EVENT" />
146-->[:firebase_messaging] AndroidManifest.xml:20:17-78
146-->[:firebase_messaging] AndroidManifest.xml:20:25-75
147            </intent-filter>
148        </service>
149
150        <receiver
150-->[:firebase_messaging] AndroidManifest.xml:24:9-31:20
151            android:name="io.flutter.plugins.firebase.messaging.FlutterFirebaseMessagingReceiver"
151-->[:firebase_messaging] AndroidManifest.xml:25:13-98
152            android:exported="true"
152-->[:firebase_messaging] AndroidManifest.xml:26:13-36
153            android:permission="com.google.android.c2dm.permission.SEND" >
153-->[:firebase_messaging] AndroidManifest.xml:27:13-73
154            <intent-filter>
154-->[:firebase_messaging] AndroidManifest.xml:28:13-30:29
155                <action android:name="com.google.android.c2dm.intent.RECEIVE" />
155-->[:firebase_messaging] AndroidManifest.xml:29:17-81
155-->[:firebase_messaging] AndroidManifest.xml:29:25-78
156            </intent-filter>
157        </receiver>
158
159        <provider
159-->[:firebase_messaging] AndroidManifest.xml:39:9-43:38
160            android:name="io.flutter.plugins.firebase.messaging.FlutterFirebaseMessagingInitProvider"
160-->[:firebase_messaging] AndroidManifest.xml:40:13-102
161            android:authorities="com.kinggadri.caller_app.flutterfirebasemessaginginitprovider"
161-->[:firebase_messaging] AndroidManifest.xml:41:13-88
162            android:exported="false"
162-->[:firebase_messaging] AndroidManifest.xml:42:13-37
163            android:initOrder="99" />
163-->[:firebase_messaging] AndroidManifest.xml:43:13-35
164
165        <receiver android:name="com.dexterous.flutterlocalnotifications.ScheduledNotificationReceiver" />
165-->[:flutter_local_notifications] AndroidManifest.xml:12:9-106
165-->[:flutter_local_notifications] AndroidManifest.xml:12:19-103
166        <receiver android:name="com.dexterous.flutterlocalnotifications.ScheduledNotificationBootReceiver" >
166-->[:flutter_local_notifications] AndroidManifest.xml:13:9-20:20
166-->[:flutter_local_notifications] AndroidManifest.xml:13:19-107
167            <intent-filter>
167-->[:flutter_local_notifications] AndroidManifest.xml:14:13-19:29
168                <action android:name="android.intent.action.BOOT_COMPLETED" />
168-->[:flutter_local_notifications] AndroidManifest.xml:15:17-79
168-->[:flutter_local_notifications] AndroidManifest.xml:15:25-76
169                <action android:name="android.intent.action.MY_PACKAGE_REPLACED" />
169-->[:flutter_local_notifications] AndroidManifest.xml:16:17-84
169-->[:flutter_local_notifications] AndroidManifest.xml:16:25-81
170                <action android:name="android.intent.action.QUICKBOOT_POWERON" />
170-->[:flutter_local_notifications] AndroidManifest.xml:17:17-82
170-->[:flutter_local_notifications] AndroidManifest.xml:17:25-79
171                <action android:name="com.htc.intent.action.QUICKBOOT_POWERON" />
171-->[:flutter_local_notifications] AndroidManifest.xml:18:17-82
171-->[:flutter_local_notifications] AndroidManifest.xml:18:25-79
172            </intent-filter>
173        </receiver>
174
175        <activity
175-->[com.google.firebase:firebase-auth:20.0.1] AndroidManifest.xml:27:9-44:20
176            android:name="com.google.firebase.auth.internal.GenericIdpActivity"
176-->[com.google.firebase:firebase-auth:20.0.1] AndroidManifest.xml:28:13-80
177            android:excludeFromRecents="true"
177-->[com.google.firebase:firebase-auth:20.0.1] AndroidManifest.xml:29:13-46
178            android:exported="true"
178-->[com.google.firebase:firebase-auth:20.0.1] AndroidManifest.xml:30:13-36
179            android:launchMode="singleTask"
179-->[com.google.firebase:firebase-auth:20.0.1] AndroidManifest.xml:31:13-44
180            android:theme="@android:style/Theme.Translucent.NoTitleBar" >
180-->[com.google.firebase:firebase-auth:20.0.1] AndroidManifest.xml:32:13-72
181            <intent-filter>
181-->[com.google.firebase:firebase-auth:20.0.1] AndroidManifest.xml:33:13-43:29
182                <action android:name="android.intent.action.VIEW" />
182-->[com.google.firebase:firebase-auth:20.0.1] AndroidManifest.xml:34:17-69
182-->[com.google.firebase:firebase-auth:20.0.1] AndroidManifest.xml:34:25-66
183
184                <category android:name="android.intent.category.DEFAULT" />
184-->src/main/AndroidManifest.xml:49:17-76
184-->src/main/AndroidManifest.xml:49:27-73
185                <category android:name="android.intent.category.BROWSABLE" />
185-->[com.google.firebase:firebase-auth:20.0.1] AndroidManifest.xml:37:17-78
185-->[com.google.firebase:firebase-auth:20.0.1] AndroidManifest.xml:37:27-75
186
187                <data
187-->[com.google.firebase:firebase-auth:20.0.1] AndroidManifest.xml:39:17-42:51
188                    android:host="firebase.auth"
188-->[com.google.firebase:firebase-auth:20.0.1] AndroidManifest.xml:40:21-49
189                    android:path="/"
189-->[com.google.firebase:firebase-auth:20.0.1] AndroidManifest.xml:41:21-37
190                    android:scheme="genericidp" />
190-->[com.google.firebase:firebase-auth:20.0.1] AndroidManifest.xml:42:21-48
191            </intent-filter>
192        </activity>
193        <activity
193-->[com.google.firebase:firebase-auth:20.0.1] AndroidManifest.xml:45:9-62:20
194            android:name="com.google.firebase.auth.internal.RecaptchaActivity"
194-->[com.google.firebase:firebase-auth:20.0.1] AndroidManifest.xml:46:13-79
195            android:excludeFromRecents="true"
195-->[com.google.firebase:firebase-auth:20.0.1] AndroidManifest.xml:47:13-46
196            android:exported="true"
196-->[com.google.firebase:firebase-auth:20.0.1] AndroidManifest.xml:48:13-36
197            android:launchMode="singleTask"
197-->[com.google.firebase:firebase-auth:20.0.1] AndroidManifest.xml:49:13-44
198            android:theme="@android:style/Theme.Translucent.NoTitleBar" >
198-->[com.google.firebase:firebase-auth:20.0.1] AndroidManifest.xml:50:13-72
199            <intent-filter>
199-->[com.google.firebase:firebase-auth:20.0.1] AndroidManifest.xml:51:13-61:29
200                <action android:name="android.intent.action.VIEW" />
200-->[com.google.firebase:firebase-auth:20.0.1] AndroidManifest.xml:34:17-69
200-->[com.google.firebase:firebase-auth:20.0.1] AndroidManifest.xml:34:25-66
201
202                <category android:name="android.intent.category.DEFAULT" />
202-->src/main/AndroidManifest.xml:49:17-76
202-->src/main/AndroidManifest.xml:49:27-73
203                <category android:name="android.intent.category.BROWSABLE" />
203-->[com.google.firebase:firebase-auth:20.0.1] AndroidManifest.xml:37:17-78
203-->[com.google.firebase:firebase-auth:20.0.1] AndroidManifest.xml:37:27-75
204
205                <data
205-->[com.google.firebase:firebase-auth:20.0.1] AndroidManifest.xml:39:17-42:51
206                    android:host="firebase.auth"
206-->[com.google.firebase:firebase-auth:20.0.1] AndroidManifest.xml:40:21-49
207                    android:path="/"
207-->[com.google.firebase:firebase-auth:20.0.1] AndroidManifest.xml:41:21-37
208                    android:scheme="recaptcha" />
208-->[com.google.firebase:firebase-auth:20.0.1] AndroidManifest.xml:42:21-48
209            </intent-filter>
210        </activity>
211
212        <service
212-->[com.google.firebase:firebase-auth:20.0.1] AndroidManifest.xml:64:9-73:19
213            android:name="com.google.firebase.auth.api.fallback.service.FirebaseAuthFallbackService"
213-->[com.google.firebase:firebase-auth:20.0.1] AndroidManifest.xml:65:13-101
214            android:enabled="true"
214-->[com.google.firebase:firebase-auth:20.0.1] AndroidManifest.xml:66:13-35
215            android:exported="false" >
215-->[com.google.firebase:firebase-auth:20.0.1] AndroidManifest.xml:67:13-37
216            <intent-filter>
216-->[com.google.firebase:firebase-auth:20.0.1] AndroidManifest.xml:68:13-72:29
217                <action android:name="com.google.firebase.auth.api.gms.service.START" />
217-->[com.google.firebase:firebase-auth:20.0.1] AndroidManifest.xml:69:17-89
217-->[com.google.firebase:firebase-auth:20.0.1] AndroidManifest.xml:69:25-86
218
219                <category android:name="android.intent.category.DEFAULT" />
219-->src/main/AndroidManifest.xml:49:17-76
219-->src/main/AndroidManifest.xml:49:27-73
220            </intent-filter>
221        </service>
222
223        <receiver
223-->[com.google.android.gms:play-services-measurement:18.0.0] AndroidManifest.xml:29:9-33:20
224            android:name="com.google.android.gms.measurement.AppMeasurementReceiver"
224-->[com.google.android.gms:play-services-measurement:18.0.0] AndroidManifest.xml:30:13-85
225            android:enabled="true"
225-->[com.google.android.gms:play-services-measurement:18.0.0] AndroidManifest.xml:31:13-35
226            android:exported="false" >
226-->[com.google.android.gms:play-services-measurement:18.0.0] AndroidManifest.xml:32:13-37
227        </receiver>
228
229        <service
229-->[com.google.android.gms:play-services-measurement:18.0.0] AndroidManifest.xml:35:9-38:40
230            android:name="com.google.android.gms.measurement.AppMeasurementService"
230-->[com.google.android.gms:play-services-measurement:18.0.0] AndroidManifest.xml:36:13-84
231            android:enabled="true"
231-->[com.google.android.gms:play-services-measurement:18.0.0] AndroidManifest.xml:37:13-35
232            android:exported="false" />
232-->[com.google.android.gms:play-services-measurement:18.0.0] AndroidManifest.xml:38:13-37
233        <service
233-->[com.google.android.gms:play-services-measurement:18.0.0] AndroidManifest.xml:39:9-43:72
234            android:name="com.google.android.gms.measurement.AppMeasurementJobService"
234-->[com.google.android.gms:play-services-measurement:18.0.0] AndroidManifest.xml:40:13-87
235            android:enabled="true"
235-->[com.google.android.gms:play-services-measurement:18.0.0] AndroidManifest.xml:41:13-35
236            android:exported="false"
236-->[com.google.android.gms:play-services-measurement:18.0.0] AndroidManifest.xml:42:13-37
237            android:permission="android.permission.BIND_JOB_SERVICE" />
237-->[com.google.android.gms:play-services-measurement:18.0.0] AndroidManifest.xml:43:13-69
238        <!--
239             FirebaseMessagingService performs security checks at runtime,
240             but set to not exported to explicitly avoid allowing another app to call it.
241        -->
242        <service
242-->[com.google.firebase:firebase-messaging:21.0.0] AndroidManifest.xml:28:9-35:19
243            android:name="com.google.firebase.messaging.FirebaseMessagingService"
243-->[com.google.firebase:firebase-messaging:21.0.0] AndroidManifest.xml:29:13-82
244            android:directBootAware="true"
244-->[com.google.firebase:firebase-messaging:21.0.0] AndroidManifest.xml:30:13-43
245            android:exported="false" >
245-->[com.google.firebase:firebase-messaging:21.0.0] AndroidManifest.xml:31:13-37
246            <intent-filter android:priority="-500" >
246-->[:firebase_messaging] AndroidManifest.xml:19:13-21:29
247                <action android:name="com.google.firebase.MESSAGING_EVENT" />
247-->[:firebase_messaging] AndroidManifest.xml:20:17-78
247-->[:firebase_messaging] AndroidManifest.xml:20:25-75
248            </intent-filter>
249        </service>
250
251        <receiver
251-->[com.google.firebase:firebase-iid:21.0.0] AndroidManifest.xml:37:9-44:20
252            android:name="com.google.firebase.iid.FirebaseInstanceIdReceiver"
252-->[com.google.firebase:firebase-iid:21.0.0] AndroidManifest.xml:38:13-78
253            android:exported="true"
253-->[com.google.firebase:firebase-iid:21.0.0] AndroidManifest.xml:39:13-36
254            android:permission="com.google.android.c2dm.permission.SEND" >
254-->[com.google.firebase:firebase-iid:21.0.0] AndroidManifest.xml:40:13-73
255            <intent-filter>
255-->[:firebase_messaging] AndroidManifest.xml:28:13-30:29
256                <action android:name="com.google.android.c2dm.intent.RECEIVE" />
256-->[:firebase_messaging] AndroidManifest.xml:29:17-81
256-->[:firebase_messaging] AndroidManifest.xml:29:25-78
257            </intent-filter>
258        </receiver>
259
260        <activity
260-->[com.google.android.gms:play-services-base:17.1.0] AndroidManifest.xml:23:9-26:75
261            android:name="com.google.android.gms.common.api.GoogleApiActivity"
261-->[com.google.android.gms:play-services-base:17.1.0] AndroidManifest.xml:24:13-79
262            android:exported="false"
262-->[com.google.android.gms:play-services-base:17.1.0] AndroidManifest.xml:25:13-37
263            android:theme="@android:style/Theme.Translucent.NoTitleBar" />
263-->[com.google.android.gms:play-services-base:17.1.0] AndroidManifest.xml:26:13-72
264
265        <provider
265-->[com.google.firebase:firebase-common:19.4.0] AndroidManifest.xml:26:9-31:39
266            android:name="com.google.firebase.provider.FirebaseInitProvider"
266-->[com.google.firebase:firebase-common:19.4.0] AndroidManifest.xml:27:13-77
267            android:authorities="com.kinggadri.caller_app.firebaseinitprovider"
267-->[com.google.firebase:firebase-common:19.4.0] AndroidManifest.xml:28:13-72
268            android:directBootAware="true"
268-->[com.google.firebase:firebase-common:19.4.0] AndroidManifest.xml:29:13-43
269            android:exported="false"
269-->[com.google.firebase:firebase-common:19.4.0] AndroidManifest.xml:30:13-37
270            android:initOrder="100" />
270-->[com.google.firebase:firebase-common:19.4.0] AndroidManifest.xml:31:13-36
271
272        <meta-data
272-->[com.google.android.gms:play-services-basement:17.1.0] AndroidManifest.xml:23:9-25:69
273            android:name="com.google.android.gms.version"
273-->[com.google.android.gms:play-services-basement:17.1.0] AndroidManifest.xml:24:13-58
274            android:value="@integer/google_play_services_version" />
274-->[com.google.android.gms:play-services-basement:17.1.0] AndroidManifest.xml:25:13-66
275
276        <service
276-->[com.google.android.datatransport:transport-backend-cct:2.2.0] AndroidManifest.xml:29:9-35:19
277            android:name="com.google.android.datatransport.runtime.backends.TransportBackendDiscovery"
277-->[com.google.android.datatransport:transport-backend-cct:2.2.0] AndroidManifest.xml:30:13-103
278            android:exported="false" >
278-->[com.google.android.datatransport:transport-backend-cct:2.2.0] AndroidManifest.xml:31:13-37
279            <meta-data